(0.000) 
            SELECT name, type FROM sqlite_master
            WHERE type in ('table', 'view') AND NOT name='sqlite_sequence'
            ORDER BY name; args=None; alias=default
(0.000) SELECT "django_migrations"."id", "django_migrations"."app", "django_migrations"."name", "django_migrations"."applied" FROM "django_migrations"; args=(); alias=default
(0.000) SELECT "auth_user"."id", "auth_user"."password", "auth_user"."last_login", "auth_user"."is_superuser", "auth_user"."username", "auth_user"."first_name", "auth_user"."last_name", "auth_user"."email", "auth_user"."is_staff", "auth_user"."is_active", "auth_user"."date_joined" FROM "auth_user" WHERE "auth_user"."username" = '701107' LIMIT 21; args=('701107',); alias=default
(0.000) SELECT "auth_user"."id", "auth_user"."password", "auth_user"."last_login", "auth_user"."is_superuser", "auth_user"."username", "auth_user"."first_name", "auth_user"."last_name", "auth_user"."email", "auth_user"."is_staff", "auth_user"."is_active", "auth_user"."date_joined" FROM "auth_user" WHERE "auth_user"."username" = '701107' LIMIT 21; args=('701107',); alias=default
(0.000) INSERT INTO "auth_user" ("password", "last_login", "is_superuser", "username", "first_name", "last_name", "email", "is_staff", "is_active", "date_joined") VALUES ('pbkdf2_sha256$600000$G8537NTlc5sDu3Up975Ab6$Q5iam0C2MEiRcWGbY4+ae8o1pYwXGUv6TNOEKIZeXwI=', NULL, 1, '701107', '', '', 'diennd.vnu@gmail.com', 1, 1, '2025-02-04 04:28:22.592651') RETURNING "auth_user"."id"; args=('pbkdf2_sha256$600000$G8537NTlc5sDu3Up975Ab6$Q5iam0C2MEiRcWGbY4+ae8o1pYwXGUv6TNOEKIZeXwI=', None, True, '701107', '', '', 'diennd.vnu@gmail.com', True, True, '2025-02-04 04:28:22.592651'); alias=default
Watching for file changes with StatReloader
Waiting for apps ready_event.
Main Django thread has terminated before apps are ready.
Apps ready_event triggered. Sending autoreload_started signal.
Watching dir C:\Users\701107\OneDrive - Amkor Technology\Desktop\Bus Management\test-bus-api\locale with glob **/*.mo.
File C:\Users\701107\AppData\Local\Programs\Python\Python310\Lib\site-packages\django\db\models\utils.py first seen with mtime 1732769485.1037786
File C:\Users\701107\AppData\Local\Programs\Python\Python310\Lib\numbers.py first seen with mtime 1633349524.0
File C:\Users\701107\AppData\Local\Programs\Python\Python310\Lib\site-packages\django\db\backends\base\schema.py first seen with mtime 1732769485.052117
File C:\Users\701107\AppData\Local\Programs\Python\Python310\Lib\site-packages\django\core\signals.py first seen with mtime 1732769484.9827733
File C:\Users\701107\AppData\Local\Programs\Python\Python310\Lib\site-packages\django\forms\renderers.py first seen with mtime 1732769485.1247823
File C:\Users\701107\AppData\Local\Programs\Python\Python310\Lib\site-packages\django\db\backends\base\features.py first seen with mtime 1732769485.0501125
File C:\Users\701107\AppData\Local\Programs\Python\Python310\Lib\site-packages\django\core\management\commands\__init__.py first seen with mtime 1732769485.0235972
File C:\Users\701107\AppData\Local\Programs\Python\Python310\Lib\site-packages\django\middleware\cache.py first seen with mtime 1732769485.177818
File C:\Users\701107\AppData\Local\Programs\Python\Python310\Lib\site-packages\sqlparse\engine\__init__.py first seen with mtime 1732769465.248063
File C:\Users\701107\AppData\Local\Programs\Python\Python310\Lib\calendar.py first seen with mtime 1633349524.0
File C:\Users\701107\AppData\Local\Programs\Python\Python310\Lib\site-packages\django\core\checks\database.py first seen with mtime 1732769484.991776
File C:\Users\701107\AppData\Local\Programs\Python\Python310\Lib\site-packages\django\db\models\functions\text.py first seen with mtime 1732769485.1137762
File C:\Users\701107\AppData\Local\Programs\Python\Python310\Lib\site-packages\django\contrib\auth\signals.py first seen with mtime 1732769483.5467858
File C:\Users\701107\AppData\Local\Programs\Python\Python310\Lib\asyncio\streams.py first seen with mtime 1633349524.0
File C:\Users\701107\AppData\Local\Programs\Python\Python310\Lib\site-packages\django\apps\registry.py first seen with mtime 1732769482.7627237
File C:\Users\701107\AppData\Local\Programs\Python\Python310\Lib\site-packages\django\utils\translation\trans_real.py first seen with mtime 1732769485.244573
File C:\Users\701107\AppData\Local\Programs\Python\Python310\DLLs\_uuid.pyd first seen with mtime 1633349560.0
File C:\Users\701107\AppData\Local\Programs\Python\Python310\Lib\site-packages\django\core\files\__init__.py first seen with mtime 1732769485.0007763
File C:\Users\701107\AppData\Local\Programs\Python\Python310\Lib\email\base64mime.py first seen with mtime 1633349524.0
File C:\Users\701107\AppData\Local\Programs\Python\Python310\Lib\site-packages\django\core\checks\translation.py first seen with mtime 1732769484.9957764
File C:\Users\701107\AppData\Local\Programs\Python\Python310\Lib\site-packages\django\core\handlers\wsgi.py first seen with mtime 1732769485.0107756
File C:\Users\701107\AppData\Local\Programs\Python\Python310\Lib\site-packages\django\db\backends\utils.py first seen with mtime 1732769485.0471125
File C:\Users\701107\AppData\Local\Programs\Python\Python310\Lib\shutil.py first seen with mtime 1633349524.0
File C:\Users\701107\AppData\Local\Programs\Python\Python310\Lib\heapq.py first seen with mtime 1633349524.0
File C:\Users\701107\AppData\Local\Programs\Python\Python310\Lib\io.py first seen with mtime 1633349524.0
File C:\Users\701107\AppData\Local\Programs\Python\Python310\Lib\site-packages\django\utils\autoreload.py first seen with mtime 1732769485.2215714
File C:\Users\701107\AppData\Local\Programs\Python\Python310\Lib\site-packages\django\conf\global_settings.py first seen with mtime 1732769482.7637258
File C:\Users\701107\AppData\Local\Programs\Python\Python310\Lib\encodings\cp1252.py first seen with mtime 1633349524.0
File C:\Users\701107\AppData\Local\Programs\Python\Python310\Lib\asyncio\base_events.py first seen with mtime 1633349524.0
File C:\Users\701107\AppData\Local\Programs\Python\Python310\Lib\dataclasses.py first seen with mtime 1633349524.0
File C:\Users\701107\AppData\Local\Programs\Python\Python310\Lib\site-packages\django\db\models\fields\json.py first seen with mtime 1732769485.105778
File C:\Users\701107\AppData\Local\Programs\Python\Python310\Lib\site-packages\django\utils\formats.py first seen with mtime 1732769485.229582
File C:\Users\701107\AppData\Local\Programs\Python\Python310\Lib\site-packages\django\templatetags\static.py first seen with mtime 1732769485.2072394
File C:\Users\701107\AppData\Local\Programs\Python\Python310\Lib\site-packages\django\db\models\expressions.py first seen with mtime 1732769485.0967758
File C:\Users\701107\AppData\Local\Programs\Python\Python310\Lib\site-packages\django\utils\http.py first seen with mtime 1732769485.2315822
File C:\Users\701107\AppData\Local\Programs\Python\Python310\Lib\site-packages\django\utils\crypto.py first seen with mtime 1732769485.223582
File C:\Users\701107\AppData\Local\Programs\Python\Python310\Lib\site-packages\django\utils\dateparse.py first seen with mtime 1732769485.2245817
File C:\Users\701107\AppData\Local\Programs\Python\Python310\Lib\pprint.py first seen with mtime 1633349524.0
File C:\Users\701107\AppData\Local\Programs\Python\Python310\Lib\site-packages\django\core\files\locks.py first seen with mtime 1732769485.001776
File C:\Users\701107\AppData\Local\Programs\Python\Python310\Lib\site-packages\django\db\models\query.py first seen with mtime 1732769485.1007795
File C:\Users\701107\AppData\Local\Programs\Python\Python310\Lib\site-packages\django\contrib\auth\apps.py first seen with mtime 1732769483.5387871
File C:\Users\701107\AppData\Local\Programs\Python\Python310\Lib\site-packages\django\utils\timezone.py first seen with mtime 1732769485.239088
File C:\Users\701107\AppData\Local\Programs\Python\Python310\Lib\email\_parseaddr.py first seen with mtime 1633349524.0
File C:\Users\701107\OneDrive - Amkor Technology\Desktop\Bus Management\test-bus-api\myproject\__init__.py first seen with mtime 1735627099.8994029
File C:\Users\701107\AppData\Local\Programs\Python\Python310\Lib\site-packages\django\utils\text.py first seen with mtime 1732769485.2375822
File C:\Users\701107\AppData\Local\Programs\Python\Python310\Lib\site-packages\django\utils\log.py first seen with mtime 1732769485.2335825
File C:\Users\701107\AppData\Local\Programs\Python\Python310\Lib\site-packages\django\core\cache\utils.py first seen with mtime 1732769484.985775
File C:\Users\701107\AppData\Local\Programs\Python\Python310\Lib\site-packages\django\db\migrations\__init__.py first seen with mtime 1732769485.0797815
File C:\Users\701107\AppData\Local\Programs\Python\Python310\Lib\socket.py first seen with mtime 1633349524.0
File C:\Users\701107\AppData\Local\Programs\Python\Python310\Lib\site-packages\django\http\cookie.py first seen with mtime 1732769485.1758175
File C:\Users\701107\AppData\Local\Programs\Python\Python310\Lib\email\utils.py first seen with mtime 1633349524.0
File C:\Users\701107\AppData\Local\Programs\Python\Python310\Lib\sqlite3\dbapi2.py first seen with mtime 1633349524.0
File C:\Users\701107\AppData\Local\Programs\Python\Python310\Lib\warnings.py first seen with mtime 1633349526.0
File C:\Users\701107\AppData\Local\Programs\Python\Python310\Lib\site-packages\django\template\loaders\app_directories.py first seen with mtime 1732769485.1992404
File C:\Users\701107\AppData\Local\Programs\Python\Python310\Lib\asyncio\staggered.py first seen with mtime 1633349524.0
File C:\Users\701107\AppData\Local\Programs\Python\Python310\Lib\site-packages\colorama\winterm.py first seen with mtime 1732769468.4313266
File C:\Users\701107\AppData\Local\Programs\Python\Python310\Lib\site-packages\django\db\models\constraints.py first seen with mtime 1732769485.094776
File C:\Users\701107\AppData\Local\Programs\Python\Python310\Lib\site-packages\django\utils\itercompat.py first seen with mtime 1732769485.2325826
File C:\Users\701107\AppData\Local\Programs\Python\Python310\Lib\site-packages\django\core\checks\security\base.py first seen with mtime 1732769484.9987764
File C:\Users\701107\AppData\Local\Programs\Python\Python310\Lib\hashlib.py first seen with mtime 1633349524.0
File C:\Users\701107\AppData\Local\Programs\Python\Python310\Lib\email\header.py first seen with mtime 1633349524.0
File C:\Users\701107\AppData\Local\Programs\Python\Python310\Lib\site-packages\django\urls\exceptions.py first seen with mtime 1732769485.2172372
File C:\Users\701107\AppData\Local\Programs\Python\Python310\Lib\site-packages\django\template\loader_tags.py first seen with mtime 1732769485.1902397
File C:\Users\701107\AppData\Local\Programs\Python\Python310\Lib\site-packages\django\core\files\storage\mixins.py first seen with mtime 1732769485.008775
File C:\Users\701107\AppData\Local\Programs\Python\Python310\Lib\site-packages\django\templatetags\cache.py first seen with mtime 1732769485.2042396
File C:\Users\701107\AppData\Local\Programs\Python\Python310\Lib\site-packages\django\utils\datastructures.py first seen with mtime 1732769485.223582
File C:\Users\701107\AppData\Local\Programs\Python\Python310\Lib\site-packages\django\templatetags\i18n.py first seen with mtime 1732769485.2052393
File C:\Users\701107\AppData\Local\Programs\Python\Python310\DLLs\_socket.pyd first seen with mtime 1633349562.0
File C:\Users\701107\AppData\Local\Programs\Python\Python310\Lib\site-packages\colorama\initialise.py first seen with mtime 1732769468.4303253
File C:\Users\701107\AppData\Local\Programs\Python\Python310\Lib\site-packages\django\core\signing.py first seen with mtime 1732769484.983775
File C:\Users\701107\AppData\Local\Programs\Python\Python310\Lib\site-packages\django\db\backends\sqlite3\__init__.py first seen with mtime 1732769485.073781
File C:\Users\701107\AppData\Local\Programs\Python\Python310\Lib\site-packages\django\core\management\base.py first seen with mtime 1732769485.0185933
File C:\Users\701107\AppData\Local\Programs\Python\Python310\Lib\site-packages\django\core\servers\__init__.py first seen with mtime 1732769485.0421169
File C:\Users\701107\AppData\Local\Programs\Python\Python310\DLLs\_bz2.pyd first seen with mtime 1633349560.0
File C:\Users\701107\AppData\Local\Programs\Python\Python310\Lib\site-packages\django\core\checks\files.py first seen with mtime 1732769484.9927762
File C:\Users\701107\AppData\Local\Programs\Python\Python310\Lib\site-packages\django\db\models\sql\subqueries.py first seen with mtime 1732769485.1177764
File C:\Users\701107\AppData\Local\Programs\Python\Python310\Lib\secrets.py first seen with mtime 1633349524.0
File C:\Users\701107\AppData\Local\Programs\Python\Python310\Lib\site-packages\sqlparse\formatter.py first seen with mtime 1732769465.2450628
File C:\Users\701107\AppData\Local\Programs\Python\Python310\Lib\site-packages\django\contrib\messages\storage\__init__.py first seen with mtime 1732769484.377174
File C:\Users\701107\AppData\Local\Programs\Python\Python310\Lib\site-packages\django\core\mail\utils.py first seen with mtime 1732769485.0127742
File C:\Users\701107\AppData\Local\Programs\Python\Python310\Lib\pickle.py first seen with mtime 1633349524.0
File C:\Users\701107\AppData\Local\Programs\Python\Python310\Lib\types.py first seen with mtime 1633349524.0
File C:\Users\701107\AppData\Local\Programs\Python\Python310\Lib\site-packages\django\contrib\contenttypes\models.py first seen with mtime 1732769483.702178
File C:\Users\701107\AppData\Local\Programs\Python\Python310\Lib\difflib.py first seen with mtime 1633349524.0
File C:\Users\701107\AppData\Local\Programs\Python\Python310\Lib\site-packages\django\contrib\sites\requests.py first seen with mtime 1732769484.8323936
File C:\Users\701107\AppData\Local\Programs\Python\Python310\Lib\asyncio\format_helpers.py first seen with mtime 1633349524.0
File C:\Users\701107\AppData\Local\Programs\Python\Python310\Lib\site-packages\django\core\validators.py first seen with mtime 1732769484.983775
File C:\Users\701107\AppData\Local\Programs\Python\Python310\Lib\asyncio\proactor_events.py first seen with mtime 1633349524.0
File C:\Users\701107\AppData\Local\Programs\Python\Python310\DLLs\_decimal.pyd first seen with mtime 1633349562.0
File C:\Users\701107\AppData\Local\Programs\Python\Python310\Lib\site-packages\django\core\files\storage\__init__.py first seen with mtime 1732769485.0057757
File C:\Users\701107\AppData\Local\Programs\Python\Python310\Lib\json\scanner.py first seen with mtime 1633349524.0
File C:\Users\701107\AppData\Local\Programs\Python\Python310\Lib\site-packages\django\db\models\sql\constants.py first seen with mtime 1732769485.115776
File C:\Users\701107\AppData\Local\Programs\Python\Python310\Lib\site-packages\django\db\__init__.py first seen with mtime 1732769485.0431168
File C:\Users\701107\AppData\Local\Programs\Python\Python310\Lib\site-packages\django\utils\cache.py first seen with mtime 1732769485.2225766
File C:\Users\701107\AppData\Local\Programs\Python\Python310\Lib\site-packages\django\db\models\functions\comparison.py first seen with mtime 1732769485.1117754
File C:\Users\701107\AppData\Local\Programs\Python\Python310\Lib\site-packages\django\contrib\staticfiles\checks.py first seen with mtime 1732769484.971287
File C:\Users\701107\AppData\Local\Programs\Python\Python310\Lib\email\headerregistry.py first seen with mtime 1633349524.0
File C:\Users\701107\AppData\Local\Programs\Python\Python310\Lib\enum.py first seen with mtime 1633349524.0
File C:\Users\701107\AppData\Local\Programs\Python\Python310\Lib\traceback.py first seen with mtime 1633349524.0
File C:\Users\701107\AppData\Local\Programs\Python\Python310\Lib\site-packages\django\db\models\sql\__init__.py first seen with mtime 1732769485.1147773
File C:\Users\701107\AppData\Local\Programs\Python\Python310\Lib\site-packages\django\middleware\csrf.py first seen with mtime 1732769485.1798182
File C:\Users\701107\AppData\Local\Programs\Python\Python310\Lib\site-packages\django\core\files\uploadedfile.py first seen with mtime 1732769485.003776
File C:\Users\701107\AppData\Local\Programs\Python\Python310\Lib\wsgiref\simple_server.py first seen with mtime 1633349526.0
File C:\Users\701107\AppData\Local\Programs\Python\Python310\Lib\site-packages\django\core\checks\messages.py first seen with mtime 1732769484.9927762
File C:\Users\701107\AppData\Local\Programs\Python\Python310\Lib\dis.py first seen with mtime 1633349524.0
File C:\Users\701107\AppData\Local\Programs\Python\Python310\Lib\site-packages\django\contrib\admin\templatetags\__init__.py first seen with mtime 1732769483.3643973
File C:\Users\701107\AppData\Local\Programs\Python\Python310\Lib\multiprocessing\reduction.py first seen with mtime 1633349524.0
File C:\Users\701107\AppData\Local\Programs\Python\Python310\Lib\site-packages\django\core\exceptions.py first seen with mtime 1732769484.981774
File C:\Users\701107\AppData\Local\Programs\Python\Python310\Lib\site-packages\django\views\generic\__init__.py first seen with mtime 1732769485.2535734
File C:\Users\701107\AppData\Local\Programs\Python\Python310\Lib\site-packages\django\utils\version.py first seen with mtime 1732769485.2400932
File C:\Users\701107\AppData\Local\Programs\Python\Python310\Lib\site-packages\django\utils\translation\__init__.py first seen with mtime 1732769485.2420943
File C:\Users\701107\AppData\Local\Programs\Python\Python310\Lib\asyncio\futures.py first seen with mtime 1633349524.0
File C:\Users\701107\AppData\Local\Programs\Python\Python310\Lib\site-packages\colorama\ansi.py first seen with mtime 1732769468.429328
File C:\Users\701107\AppData\Local\Programs\Python\Python310\Lib\asyncio\base_futures.py first seen with mtime 1633349524.0
File C:\Users\701107\AppData\Local\Programs\Python\Python310\Lib\codecs.py first seen with mtime 1633349524.0
File C:\Users\701107\AppData\Local\Programs\Python\Python310\Lib\ctypes\__init__.py first seen with mtime 1633349524.0
File C:\Users\701107\AppData\Local\Programs\Python\Python310\Lib\site-packages\django\core\handlers\base.py first seen with mtime 1732769485.0097756
File C:\Users\701107\AppData\Local\Programs\Python\Python310\Lib\argparse.py first seen with mtime 1633349524.0
File C:\Users\701107\AppData\Local\Programs\Python\Python310\Lib\contextvars.py first seen with mtime 1633349524.0
File C:\Users\701107\AppData\Local\Programs\Python\Python310\Lib\site-packages\django\core\files\images.py first seen with mtime 1732769485.001776
File C:\Users\701107\AppData\Local\Programs\Python\Python310\Lib\site-packages\django\db\models\options.py first seen with mtime 1732769485.099778
File C:\Users\701107\AppData\Local\Programs\Python\Python310\Lib\site-packages\django\utils\hashable.py first seen with mtime 1732769485.2305822
File C:\Users\701107\AppData\Local\Programs\Python\Python310\Lib\asyncio\transports.py first seen with mtime 1633349524.0
File C:\Users\701107\AppData\Local\Programs\Python\Python310\Lib\site-packages\django\db\models\deletion.py first seen with mtime 1732769485.094776
File C:\Users\701107\AppData\Local\Programs\Python\Python310\Lib\site-packages\django\contrib\admin\apps.py first seen with mtime 1732769482.9893289
File C:\Users\701107\AppData\Local\Programs\Python\Python310\Lib\html\parser.py first seen with mtime 1633349524.0
File C:\Users\701107\AppData\Local\Programs\Python\Python310\Lib\importlib\util.py first seen with mtime 1633349524.0
File C:\Users\701107\AppData\Local\Programs\Python\Python310\Lib\site-packages\django\views\decorators\__init__.py first seen with mtime 1732769485.2485754
File C:\Users\701107\AppData\Local\Programs\Python\Python310\Lib\datetime.py first seen with mtime 1633349524.0
File C:\Users\701107\AppData\Local\Programs\Python\Python310\Lib\site-packages\django\db\migrations\operations\__init__.py first seen with mtime 1732769485.088781
File C:\Users\701107\AppData\Local\Programs\Python\Python310\Lib\site-packages\django\utils\timesince.py first seen with mtime 1732769485.2385826
File C:\Users\701107\AppData\Local\Programs\Python\Python310\Lib\encodings\aliases.py first seen with mtime 1633349524.0
File C:\Users\701107\AppData\Local\Programs\Python\Python310\Lib\http\__init__.py first seen with mtime 1633349524.0
File C:\Users\701107\AppData\Local\Programs\Python\Python310\Lib\collections\abc.py first seen with mtime 1633349524.0
File C:\Users\701107\AppData\Local\Programs\Python\Python310\Lib\site-packages\django\contrib\sessions\base_session.py first seen with mtime 1732769484.6568503
File C:\Users\701107\AppData\Local\Programs\Python\Python310\Lib\site-packages\django\contrib\auth\base_user.py first seen with mtime 1732769483.5407875
File C:\Users\701107\AppData\Local\Programs\Python\Python310\Lib\site-packages\django\contrib\sessions\models.py first seen with mtime 1732769484.6578493
File C:\Users\701107\AppData\Local\Programs\Python\Python310\Lib\site-packages\django\views\generic\dates.py first seen with mtime 1732769485.2545733
File C:\Users\701107\AppData\Local\Programs\Python\Python310\Lib\site-packages\django\contrib\admin\widgets.py first seen with mtime 1732769482.9963331
File C:\Users\701107\AppData\Local\Programs\Python\Python310\Lib\getpass.py first seen with mtime 1633349524.0
File C:\Users\701107\AppData\Local\Programs\Python\Python310\Lib\site-packages\django\core\files\storage\handler.py first seen with mtime 1732769485.006776
File C:\Users\701107\AppData\Local\Programs\Python\Python310\Lib\mimetypes.py first seen with mtime 1633349524.0
File C:\Users\701107\AppData\Local\Programs\Python\Python310\Lib\site-packages\django\core\checks\model_checks.py first seen with mtime 1732769484.993776
File C:\Users\701107\AppData\Local\Programs\Python\Python310\Lib\site-packages\django\template\base.py first seen with mtime 1732769485.1842618
File C:\Users\701107\AppData\Local\Programs\Python\Python310\Lib\site-packages\django\utils\connection.py first seen with mtime 1732769485.2225766
File C:\Users\701107\AppData\Local\Programs\Python\Python310\DLLs\_hashlib.pyd first seen with mtime 1633349560.0
File C:\Users\701107\AppData\Local\Programs\Python\Python310\Lib\site-packages\django\urls\converters.py first seen with mtime 1732769485.2162373
File C:\Users\701107\AppData\Local\Programs\Python\Python310\Lib\logging\handlers.py first seen with mtime 1633349524.0
File C:\Users\701107\AppData\Local\Programs\Python\Python310\Lib\site-packages\sqlparse\utils.py first seen with mtime 1732769465.2470632
File C:\Users\701107\AppData\Local\Programs\Python\Python310\Lib\tokenize.py first seen with mtime 1633349524.0
File C:\Users\701107\AppData\Local\Programs\Python\Python310\Lib\site-packages\django\contrib\auth\password_validation.py first seen with mtime 1732769483.5467858
File C:\Users\701107\AppData\Local\Programs\Python\Python310\Lib\site-packages\django\db\backends\ddl_references.py first seen with mtime 1732769485.0461178
File C:\Users\701107\AppData\Local\Programs\Python\Python310\Lib\site-packages\django\contrib\staticfiles\utils.py first seen with mtime 1732769484.9747553
File C:\Users\701107\AppData\Local\Programs\Python\Python310\DLLs\_overlapped.pyd first seen with mtime 1633349560.0
File C:\Users\701107\AppData\Local\Programs\Python\Python310\Lib\email\errors.py first seen with mtime 1633349524.0
File C:\Users\701107\AppData\Local\Programs\Python\Python310\Lib\site-packages\django\core\checks\urls.py first seen with mtime 1732769484.9957764
File C:\Users\701107\AppData\Local\Programs\Python\Python310\Lib\email\mime\multipart.py first seen with mtime 1633349524.0
File C:\Users\701107\AppData\Local\Programs\Python\Python310\Lib\site-packages\django\template\utils.py first seen with mtime 1732769485.192238
File C:\Users\701107\AppData\Local\Programs\Python\Python310\Lib\site-packages\django\utils\functional.py first seen with mtime 1732769485.229582
File C:\Users\701107\AppData\Local\Programs\Python\Python310\Lib\site-packages\django\views\decorators\debug.py first seen with mtime 1732769485.251573
File C:\Users\701107\AppData\Local\Programs\Python\Python310\Lib\site-packages\django\template\autoreload.py first seen with mtime 1732769485.1842618
File C:\Users\701107\AppData\Local\Programs\Python\Python310\Lib\gzip.py first seen with mtime 1633349524.0
File C:\Users\701107\AppData\Local\Programs\Python\Python310\Lib\site-packages\django\core\serializers\base.py first seen with mtime 1732769485.0391135
File C:\Users\701107\AppData\Local\Programs\Python\Python310\Lib\site-packages\django\forms\boundfield.py first seen with mtime 1732769485.1207762
File C:\Users\701107\AppData\Local\Programs\Python\Python310\Lib\site-packages\django\core\checks\compatibility\__init__.py first seen with mtime 1732769484.9967763
File C:\Users\701107\AppData\Local\Programs\Python\Python310\Lib\site-packages\django\core\files\base.py first seen with mtime 1732769485.0007763
File C:\Users\701107\AppData\Local\Programs\Python\Python310\Lib\bisect.py first seen with mtime 1633349524.0
File C:\Users\701107\AppData\Local\Programs\Python\Python310\Lib\site-packages\django\middleware\__init__.py first seen with mtime 1732769485.177818
File C:\Users\701107\AppData\Local\Programs\Python\Python310\Lib\site-packages\django\core\serializers\python.py first seen with mtime 1732769485.0401132
File C:\Users\701107\AppData\Local\Programs\Python\Python310\Lib\site-packages\django\contrib\admin\sites.py first seen with mtime 1732769482.9943316
File C:\Users\701107\AppData\Local\Programs\Python\Python310\Lib\locale.py first seen with mtime 1633349524.0
File C:\Users\701107\AppData\Local\Programs\Python\Python310\Lib\site-packages\django\core\checks\compatibility\django_4_0.py first seen with mtime 1732769484.9977763
File C:\Users\701107\AppData\Local\Programs\Python\Python310\Lib\site-packages\django\contrib\contenttypes\views.py first seen with mtime 1732769483.7031782
File C:\Users\701107\AppData\Local\Programs\Python\Python310\Lib\site-packages\django\forms\widgets.py first seen with mtime 1732769485.1257825
File C:\Users\701107\AppData\Local\Programs\Python\Python310\Lib\site-packages\django\core\files\utils.py first seen with mtime 1732769485.004776
File C:\Users\701107\AppData\Local\Programs\Python\Python310\Lib\site-packages\django\forms\forms.py first seen with mtime 1732769485.1227767
File C:\Users\701107\AppData\Local\Programs\Python\Python310\Lib\site-packages\asgiref\sync.py first seen with mtime 1732769468.7942004
File C:\Users\701107\AppData\Local\Programs\Python\Python310\Lib\genericpath.py first seen with mtime 1633349524.0
File C:\Users\701107\AppData\Local\Programs\Python\Python310\Lib\asyncio\protocols.py first seen with mtime 1633349524.0
File C:\Users\701107\AppData\Local\Programs\Python\Python310\Lib\site-packages\django\db\migrations\operations\fields.py first seen with mtime 1732769485.0897808
File C:\Users\701107\AppData\Local\Programs\Python\Python310\Lib\site-packages\django\core\paginator.py first seen with mtime 1732769484.981774
File C:\Users\701107\AppData\Local\Programs\Python\Python310\Lib\site-packages\django\db\models\functions\window.py first seen with mtime 1732769485.1137762
File C:\Users\701107\AppData\Local\Programs\Python\Python310\Lib\wsgiref\headers.py first seen with mtime 1633349526.0
File C:\Users\701107\AppData\Local\Programs\Python\Python310\Lib\site-packages\django\db\backends\signals.py first seen with mtime 1732769485.0461178
File C:\Users\701107\AppData\Local\Programs\Python\Python310\Lib\site-packages\django\contrib\auth\hashers.py first seen with mtime 1732769483.5437868
File C:\Users\701107\AppData\Local\Programs\Python\Python310\Lib\site-packages\django\contrib\admin\exceptions.py first seen with mtime 1732769482.991333
File C:\Users\701107\AppData\Local\Programs\Python\Python310\Lib\site-packages\django\db\backends\sqlite3\introspection.py first seen with mtime 1732769485.077781
File C:\Users\701107\AppData\Local\Programs\Python\Python310\Lib\uu.py first seen with mtime 1633349524.0
File C:\Users\701107\AppData\Local\Programs\Python\Python310\DLLs\unicodedata.pyd first seen with mtime 1633349564.0
File C:\Users\701107\AppData\Local\Programs\Python\Python310\Lib\site-packages\django\db\transaction.py first seen with mtime 1732769485.044117
File C:\Users\701107\AppData\Local\Programs\Python\Python310\Lib\site-packages\django\forms\__init__.py first seen with mtime 1732769485.1207762
File C:\Users\701107\AppData\Local\Programs\Python\Python310\Lib\site-packages\django\db\models\functions\mixins.py first seen with mtime 1732769485.1127772
File C:\Users\701107\AppData\Local\Programs\Python\Python310\Lib\site-packages\django\views\decorators\common.py first seen with mtime 1732769485.2495737
File C:\Users\701107\AppData\Local\Programs\Python\Python310\Lib\struct.py first seen with mtime 1633349524.0
File C:\Users\701107\AppData\Local\Programs\Python\Python310\Lib\site-packages\django\contrib\auth\tokens.py first seen with mtime 1732769483.54779
File C:\Users\701107\AppData\Local\Programs\Python\Python310\Lib\site-packages\django\urls\__init__.py first seen with mtime 1732769485.2152374
File C:\Users\701107\AppData\Local\Programs\Python\Python310\Lib\site-packages\django\db\migrations\utils.py first seen with mtime 1732769485.087782
File C:\Users\701107\AppData\Local\Programs\Python\Python310\Lib\asyncio\log.py first seen with mtime 1633349524.0
File C:\Users\701107\AppData\Local\Programs\Python\Python310\Lib\importlib\machinery.py first seen with mtime 1633349524.0
File C:\Users\701107\AppData\Local\Programs\Python\Python310\Lib\site-packages\django\core\checks\__init__.py first seen with mtime 1732769484.9907756
File C:\Users\701107\AppData\Local\Programs\Python\Python310\Lib\site-packages\django\contrib\contenttypes\apps.py first seen with mtime 1732769483.700178
File C:\Users\701107\AppData\Local\Programs\Python\Python310\Lib\site-packages\django\template\defaulttags.py first seen with mtime 1732769485.1872368
File C:\Users\701107\AppData\Local\Programs\Python\Python310\Lib\asyncio\coroutines.py first seen with mtime 1633349524.0
File C:\Users\701107\AppData\Local\Programs\Python\Python310\Lib\site-packages\django\db\backends\sqlite3\_functions.py first seen with mtime 1732769485.0747817
File C:\Users\701107\AppData\Local\Programs\Python\Python310\Lib\site-packages\django\db\backends\sqlite3\base.py first seen with mtime 1732769485.0757816
File C:\Users\701107\AppData\Local\Programs\Python\Python310\Lib\abc.py first seen with mtime 1633349524.0
File C:\Users\701107\AppData\Local\Programs\Python\Python310\Lib\queue.py first seen with mtime 1633349524.0
File C:\Users\701107\AppData\Local\Programs\Python\Python310\Lib\site-packages\django\utils\translation\reloader.py first seen with mtime 1732769485.2420943
File C:\Users\701107\AppData\Local\Programs\Python\Python310\Lib\site-packages\django\contrib\admin\options.py first seen with mtime 1732769482.9943316
File C:\Users\701107\AppData\Local\Programs\Python\Python310\Lib\zoneinfo\__init__.py first seen with mtime 1633349526.0
File C:\Users\701107\AppData\Local\Programs\Python\Python310\Lib\site-packages\django\templatetags\__init__.py first seen with mtime 1732769485.203238
File C:\Users\701107\AppData\Local\Programs\Python\Python310\Lib\site-packages\sqlparse\filters\reindent.py first seen with mtime 1732769465.2530622
File C:\Users\701107\AppData\Local\Programs\Python\Python310\Lib\site-packages\django\db\migrations\state.py first seen with mtime 1732769485.0867815
File C:\Users\701107\AppData\Local\Programs\Python\Python310\Lib\site-packages\django\db\models\functions\__init__.py first seen with mtime 1732769485.110777
File C:\Users\701107\AppData\Local\Programs\Python\Python310\Lib\email\_encoded_words.py first seen with mtime 1633349524.0
File C:\Users\701107\AppData\Local\Programs\Python\Python310\Lib\sre_compile.py first seen with mtime 1633349524.0
File C:\Users\701107\AppData\Local\Programs\Python\Python310\Lib\site-packages\django\db\models\query_utils.py first seen with mtime 1732769485.1017797
File C:\Users\701107\AppData\Local\Programs\Python\Python310\Lib\site-packages\django\db\models\constants.py first seen with mtime 1732769485.0937815
File C:\Users\701107\AppData\Local\Programs\Python\Python310\Lib\platform.py first seen with mtime 1633349524.0
File C:\Users\701107\AppData\Local\Programs\Python\Python310\Lib\zoneinfo\_common.py first seen with mtime 1633349526.0
File C:\Users\701107\AppData\Local\Programs\Python\Python310\Lib\site-packages\django\utils\lorem_ipsum.py first seen with mtime 1732769485.2345824
File C:\Users\701107\AppData\Local\Programs\Python\Python310\Lib\http\server.py first seen with mtime 1633349524.0
File C:\Users\701107\AppData\Local\Programs\Python\Python310\Lib\site-packages\django\views\decorators\csrf.py first seen with mtime 1732769485.2505732
File C:\Users\701107\AppData\Local\Programs\Python\Python310\DLLs\_ssl.pyd first seen with mtime 1633349562.0
File C:\Users\701107\AppData\Local\Programs\Python\Python310\Lib\concurrent\futures\_base.py first seen with mtime 1633349524.0
File C:\Users\701107\AppData\Local\Programs\Python\Python310\Lib\site-packages\django\contrib\admin\templatetags\admin_urls.py first seen with mtime 1732769483.3657668
File C:\Users\701107\AppData\Local\Programs\Python\Python310\Lib\site-packages\django\contrib\staticfiles\finders.py first seen with mtime 1732769484.9725366
File C:\Users\701107\AppData\Local\Programs\Python\Python310\Lib\site-packages\django\utils\inspect.py first seen with mtime 1732769485.2315822
File C:\Users\701107\AppData\Local\Programs\Python\Python310\Lib\fractions.py first seen with mtime 1633349524.0
File C:\Users\701107\AppData\Local\Programs\Python\Python310\Lib\site-packages\django\db\models\__init__.py first seen with mtime 1732769485.0917811
File C:\Users\701107\AppData\Local\Programs\Python\Python310\Lib\weakref.py first seen with mtime 1633349526.0
File C:\Users\701107\AppData\Local\Programs\Python\Python310\Lib\site-packages\django\contrib\auth\forms.py first seen with mtime 1732769483.5437868
File C:\Users\701107\AppData\Local\Programs\Python\Python310\Lib\email\message.py first seen with mtime 1633349524.0
File C:\Users\701107\AppData\Local\Programs\Python\Python310\Lib\site-packages\django\template\loader.py first seen with mtime 1732769485.189239
File C:\Users\701107\AppData\Local\Programs\Python\Python310\Lib\copyreg.py first seen with mtime 1633349524.0
File C:\Users\701107\AppData\Local\Programs\Python\Python310\Lib\site-packages\django\template\loaders\__init__.py first seen with mtime 1732769485.1982403
File C:\Users\701107\AppData\Local\Programs\Python\Python310\Lib\site-packages\django\core\checks\templates.py first seen with mtime 1732769484.9947758
File C:\Users\701107\AppData\Local\Programs\Python\Python310\Lib\site-packages\django\templatetags\l10n.py first seen with mtime 1732769485.2062392
File C:\Users\701107\AppData\Local\Programs\Python\Python310\Lib\multiprocessing\context.py first seen with mtime 1633349524.0
File C:\Users\701107\AppData\Local\Programs\Python\Python310\Lib\site-packages\django\utils\__init__.py first seen with mtime 1732769485.2192369
File C:\Users\701107\AppData\Local\Programs\Python\Python310\Lib\site-packages\django\core\files\uploadhandler.py first seen with mtime 1732769485.004776
File C:\Users\701107\AppData\Local\Programs\Python\Python310\Lib\site-packages\django\core\__init__.py first seen with mtime 1732769484.9807744
File C:\Users\701107\AppData\Local\Programs\Python\Python310\Lib\site-packages\django\db\backends\__init__.py first seen with mtime 1732769485.0451174
File C:\Users\701107\AppData\Local\Programs\Python\Python310\Lib\_markupbase.py first seen with mtime 1633349524.0
File C:\Users\701107\AppData\Local\Programs\Python\Python310\Lib\site-packages\django\core\cache\backends\base.py first seen with mtime 1732769484.9867754
File C:\Users\701107\AppData\Local\Programs\Python\Python310\Lib\asyncio\runners.py first seen with mtime 1633349524.0
File C:\Users\701107\AppData\Local\Programs\Python\Python310\Lib\site-packages\django\db\models\functions\datetime.py first seen with mtime 1732769485.1117754
File C:\Users\701107\AppData\Local\Programs\Python\Python310\Lib\site-packages\django\contrib\auth\__init__.py first seen with mtime 1732769483.5377867
File C:\Users\701107\AppData\Local\Programs\Python\Python310\Lib\email\encoders.py first seen with mtime 1633349524.0
File C:\Users\701107\AppData\Local\Programs\Python\Python310\Lib\site-packages\django\dispatch\dispatcher.py first seen with mtime 1732769485.1197765
File C:\Users\701107\OneDrive - Amkor Technology\Desktop\Bus Management\test-bus-api\myapp\views.py first seen with mtime 1738815624.6605008
File C:\Users\701107\AppData\Local\Programs\Python\Python310\Lib\site-packages\django\utils\safestring.py first seen with mtime 1732769485.2365823
File C:\Users\701107\AppData\Local\Programs\Python\Python310\Lib\site-packages\django\db\models\fields\related.py first seen with mtime 1732769485.1077788
File C:\Users\701107\AppData\Local\Programs\Python\Python310\Lib\site-packages\django\db\migrations\migration.py first seen with mtime 1732769485.0837812
File C:\Users\701107\AppData\Local\Programs\Python\Python310\Lib\site-packages\django\views\generic\detail.py first seen with mtime 1732769485.2555735
File C:\Users\701107\AppData\Local\Programs\Python\Python310\Lib\logging\config.py first seen with mtime 1633349524.0
File C:\Users\701107\AppData\Local\Programs\Python\Python310\Lib\site-packages\django\utils\duration.py first seen with mtime 1732769485.227582
File C:\Users\701107\AppData\Local\Programs\Python\Python310\Lib\ssl.py first seen with mtime 1633349524.0
File C:\Users\701107\AppData\Local\Programs\Python\Python310\Lib\site-packages\django\utils\termcolors.py first seen with mtime 1732769485.2375822
File C:\Users\701107\AppData\Local\Programs\Python\Python310\Lib\site-packages\django\views\generic\edit.py first seen with mtime 1732769485.2555735
File C:\Users\701107\AppData\Local\Programs\Python\Python310\Lib\email\mime\base.py first seen with mtime 1633349524.0
File C:\Users\701107\AppData\Local\Programs\Python\Python310\DLLs\_queue.pyd first seen with mtime 1633349560.0
File C:\Users\701107\AppData\Local\Programs\Python\Python310\Lib\asyncio\threads.py first seen with mtime 1633349524.0
File C:\Users\701107\AppData\Local\Programs\Python\Python310\Lib\site-packages\sqlparse\filters\tokens.py first seen with mtime 1732769465.254063
File C:\Users\701107\AppData\Local\Programs\Python\Python310\Lib\site-packages\django\contrib\auth\validators.py first seen with mtime 1732769483.5487866
File C:\Users\701107\AppData\Local\Programs\Python\Python310\Lib\site-packages\django\contrib\sessions\apps.py first seen with mtime 1732769484.6558502
File C:\Users\701107\OneDrive - Amkor Technology\Desktop\Bus Management\test-bus-api\myapp\urls.py first seen with mtime 1738809581.5409179
File C:\Users\701107\AppData\Local\Programs\Python\Python310\Lib\email\__init__.py first seen with mtime 1633349524.0
File C:\Users\701107\AppData\Local\Programs\Python\Python310\Lib\email\feedparser.py first seen with mtime 1633349524.0
File C:\Users\701107\AppData\Local\Programs\Python\Python310\Lib\asyncio\tasks.py first seen with mtime 1633349524.0
File C:\Users\701107\AppData\Local\Programs\Python\Python310\Lib\site-packages\django\utils\dates.py first seen with mtime 1732769485.2255816
File C:\Users\701107\AppData\Local\Programs\Python\Python310\Lib\site-packages\django\db\migrations\operations\base.py first seen with mtime 1732769485.088781
File C:\Users\701107\AppData\Local\Programs\Python\Python310\Lib\email\policy.py first seen with mtime 1633349524.0
File C:\Users\701107\AppData\Local\Programs\Python\Python310\Lib\importlib\_abc.py first seen with mtime 1633349524.0
File C:\Users\701107\OneDrive - Amkor Technology\Desktop\Bus Management\test-bus-api\manage.py first seen with mtime 1735627099.8480277
File C:\Users\701107\AppData\Local\Programs\Python\Python310\Lib\site-packages\sqlparse\engine\filter_stack.py first seen with mtime 1732769465.2490633
File C:\Users\701107\AppData\Local\Programs\Python\Python310\Lib\site-packages\asgiref\__init__.py first seen with mtime 1732769468.7916873
File C:\Users\701107\AppData\Local\Programs\Python\Python310\Lib\encodings\utf_8.py first seen with mtime 1633349524.0
File C:\Users\701107\AppData\Local\Programs\Python\Python310\Lib\asyncio\base_tasks.py first seen with mtime 1633349524.0
File C:\Users\701107\AppData\Local\Programs\Python\Python310\Lib\site-packages\django\db\models\indexes.py first seen with mtime 1732769485.0967758
File C:\Users\701107\AppData\Local\Programs\Python\Python310\Lib\copy.py first seen with mtime 1633349524.0
File C:\Users\701107\AppData\Local\Programs\Python\Python310\Lib\site-packages\django\db\models\sql\query.py first seen with mtime 1732769485.1177764
File C:\Users\701107\AppData\Local\Programs\Python\Python310\Lib\os.py first seen with mtime 1633349524.0
File C:\Users\701107\OneDrive - Amkor Technology\Desktop\Bus Management\test-bus-api\myapp\apps.py first seen with mtime 1735627147.2752998
File C:\Users\701107\AppData\Local\Programs\Python\Python310\Lib\ctypes\_endian.py first seen with mtime 1633349524.0
File C:\Users\701107\AppData\Local\Programs\Python\Python310\Lib\site-packages\django\core\checks\security\sessions.py first seen with mtime 1732769484.9997764
File C:\Users\701107\AppData\Local\Programs\Python\Python310\Lib\concurrent\__init__.py first seen with mtime 1633349524.0
File C:\Users\701107\AppData\Local\Programs\Python\Python310\Lib\site-packages\django\apps\config.py first seen with mtime 1732769482.761724
File C:\Users\701107\AppData\Local\Programs\Python\Python310\Lib\site-packages\django\template\context.py first seen with mtime 1732769485.1842618
File C:\Users\701107\AppData\Local\Programs\Python\Python310\Lib\email\mime\text.py first seen with mtime 1633349524.0
File C:\Users\701107\AppData\Local\Programs\Python\Python310\Lib\ntpath.py first seen with mtime 1633349524.0
File C:\Users\701107\AppData\Local\Programs\Python\Python310\Lib\site-packages\django\template\smartif.py first seen with mtime 1732769485.1912374
File C:\Users\701107\AppData\Local\Programs\Python\Python310\Lib\email\_policybase.py first seen with mtime 1633349524.0
File C:\Users\701107\AppData\Local\Programs\Python\Python310\Lib\site-packages\django\db\models\aggregates.py first seen with mtime 1732769485.0917811
File C:\Users\701107\AppData\Local\Programs\Python\Python310\DLLs\select.pyd first seen with mtime 1633349562.0
File C:\Users\701107\AppData\Local\Programs\Python\Python310\Lib\site-packages\django\db\backends\base\introspection.py first seen with mtime 1732769485.0501125
File C:\Users\701107\AppData\Local\Programs\Python\Python310\Lib\bz2.py first seen with mtime 1633349524.0
File C:\Users\701107\AppData\Local\Programs\Python\Python310\Lib\site-packages\django\db\backends\sqlite3\client.py first seen with mtime 1732769485.0757816
File C:\Users\701107\AppData\Local\Programs\Python\Python310\Lib\site-packages\django\core\wsgi.py first seen with mtime 1732769484.984775
File C:\Users\701107\AppData\Local\Programs\Python\Python310\Lib\ast.py first seen with mtime 1633349524.0
File C:\Users\701107\AppData\Local\Programs\Python\Python310\Lib\operator.py first seen with mtime 1633349524.0
File C:\Users\701107\AppData\Local\Programs\Python\Python310\Lib\socketserver.py first seen with mtime 1633349524.0
File C:\Users\701107\AppData\Local\Programs\Python\Python310\Lib\site-packages\django\template\backends\base.py first seen with mtime 1732769485.1942391
File C:\Users\701107\AppData\Local\Programs\Python\Python310\Lib\site-packages\django\apps\__init__.py first seen with mtime 1732769482.761724
File C:\Users\701107\AppData\Local\Programs\Python\Python310\Lib\linecache.py first seen with mtime 1633349524.0
File C:\Users\701107\AppData\Local\Programs\Python\Python310\Lib\site-packages\sqlparse\tokens.py first seen with mtime 1732769465.2470632
File C:\Users\701107\AppData\Local\Programs\Python\Python310\Lib\string.py first seen with mtime 1633349524.0
File C:\Users\701107\AppData\Local\Programs\Python\Python310\Lib\site-packages\django\contrib\admin\helpers.py first seen with mtime 1732769482.9923296
File C:\Users\701107\AppData\Local\Programs\Python\Python310\Lib\site-packages\django\core\servers\basehttp.py first seen with mtime 1732769485.0431168
File C:\Users\701107\AppData\Local\Programs\Python\Python310\Lib\site-packages\django\utils\numberformat.py first seen with mtime 1732769485.235582
File C:\Users\701107\AppData\Local\Programs\Python\Python310\DLLs\_asyncio.pyd first seen with mtime 1633349560.0
File C:\Users\701107\AppData\Local\Programs\Python\Python310\Lib\site-packages\django\contrib\contenttypes\management\__init__.py first seen with mtime 1732769483.83029
File C:\Users\701107\AppData\Local\Programs\Python\Python310\Lib\site-packages\sqlparse\filters\__init__.py first seen with mtime 1732769465.2500632
File C:\Users\701107\AppData\Local\Programs\Python\Python310\Lib\site-packages\django\contrib\sites\__init__.py first seen with mtime 1732769484.828393
File C:\Users\701107\AppData\Local\Programs\Python\Python310\Lib\site-packages\django\contrib\messages\api.py first seen with mtime 1732769484.3737416
File C:\Users\701107\AppData\Local\Programs\Python\Python310\Lib\site-packages\django\utils\topological_sort.py first seen with mtime 1732769485.239088
File C:\Users\701107\AppData\Local\Programs\Python\Python310\Lib\reprlib.py first seen with mtime 1633349524.0
File C:\Users\701107\AppData\Local\Programs\Python\Python310\Lib\site-packages\django\core\management\color.py first seen with mtime 1732769485.0196075
File C:\Users\701107\AppData\Local\Programs\Python\Python310\Lib\site-packages\django\utils\tree.py first seen with mtime 1732769485.2400932
File C:\Users\701107\AppData\Local\Programs\Python\Python310\Lib\multiprocessing\__init__.py first seen with mtime 1633349524.0
File C:\Users\701107\AppData\Local\Programs\Python\Python310\Lib\site-packages\django\core\files\storage\filesystem.py first seen with mtime 1732769485.006776
File C:\Users\701107\AppData\Local\Programs\Python\Python310\Lib\site-packages\django\db\backends\base\base.py first seen with mtime 1732769485.0481126
File C:\Users\701107\AppData\Local\Programs\Python\Python310\Lib\glob.py first seen with mtime 1633349524.0
File C:\Users\701107\AppData\Local\Programs\Python\Python310\Lib\site-packages\django\contrib\staticfiles\apps.py first seen with mtime 1732769484.971287
File C:\Users\701107\AppData\Local\Programs\Python\Python310\Lib\site-packages\django\contrib\messages\utils.py first seen with mtime 1732769484.376162
File C:\Users\701107\AppData\Local\Programs\Python\Python310\Lib\site-packages\django\contrib\admin\__init__.py first seen with mtime 1732769482.9883294
File C:\Users\701107\AppData\Local\Programs\Python\Python310\Lib\wsgiref\__init__.py first seen with mtime 1633349526.0
File C:\Users\701107\AppData\Local\Programs\Python\Python310\Lib\site-packages\colorama\__init__.py first seen with mtime 1732769468.4283278
File C:\Users\701107\AppData\Local\Programs\Python\Python310\Lib\site-packages\django\urls\conf.py first seen with mtime 1732769485.2162373
File C:\Users\701107\AppData\Local\Programs\Python\Python310\Lib\site-packages\django\db\migrations\operations\models.py first seen with mtime 1732769485.0907812
File C:\Users\701107\AppData\Local\Programs\Python\Python310\Lib\site-packages\django\contrib\messages\apps.py first seen with mtime 1732769484.3737416
File C:\Users\701107\AppData\Local\Programs\Python\Python310\Lib\wsgiref\util.py first seen with mtime 1633349526.0
File C:\Users\701107\AppData\Local\Programs\Python\Python310\Lib\site-packages\django\db\backends\base\operations.py first seen with mtime 1732769485.0511162
File C:\Users\701107\AppData\Local\Programs\Python\Python310\Lib\asyncio\events.py first seen with mtime 1633349524.0
File C:\Users\701107\AppData\Local\Programs\Python\Python310\Lib\contextlib.py first seen with mtime 1633349524.0
File C:\Users\701107\AppData\Local\Programs\Python\Python310\Lib\site-packages\django\contrib\admin\filters.py first seen with mtime 1732769482.991333
File C:\Users\701107\AppData\Local\Programs\Python\Python310\Lib\opcode.py first seen with mtime 1633349524.0
File C:\Users\701107\AppData\Local\Programs\Python\Python310\Lib\re.py first seen with mtime 1633349524.0
File C:\Users\701107\AppData\Local\Programs\Python\Python310\Lib\site-packages\django\urls\base.py first seen with mtime 1732769485.2152374
File C:\Users\701107\AppData\Local\Programs\Python\Python310\Lib\site-packages\django\views\generic\list.py first seen with mtime 1732769485.2565737
File C:\Users\701107\AppData\Local\Programs\Python\Python310\Lib\site-packages\django\utils\_os.py first seen with mtime 1732769485.2192369
File C:\Users\701107\AppData\Local\Programs\Python\Python310\Lib\site-packages\django\contrib\auth\admin.py first seen with mtime 1732769483.5387871
File C:\Users\701107\AppData\Local\Programs\Python\Python310\Lib\urllib\parse.py first seen with mtime 1633349524.0
File C:\Users\701107\AppData\Local\Programs\Python\Python310\Lib\site-packages\django\contrib\auth\checks.py first seen with mtime 1732769483.5407875
File C:\Users\701107\AppData\Local\Programs\Python\Python310\Lib\uuid.py first seen with mtime 1633349524.0
File C:\Users\701107\AppData\Local\Programs\Python\Python310\Lib\site-packages\django\urls\utils.py first seen with mtime 1732769485.2182372
File C:\Users\701107\AppData\Local\Programs\Python\Python310\Lib\typing.py first seen with mtime 1633349524.0
File C:\Users\701107\AppData\Local\Programs\Python\Python310\Lib\site-packages\django\template\response.py first seen with mtime 1732769485.1912374
File C:\Users\701107\AppData\Local\Programs\Python\Python310\Lib\site-packages\django\db\models\fields\files.py first seen with mtime 1732769485.104779
File C:\Users\701107\AppData\Local\Programs\Python\Python310\Lib\site-packages\django\core\checks\caches.py first seen with mtime 1732769484.991776
File C:\Users\701107\AppData\Local\Programs\Python\Python310\Lib\site-packages\django\http\response.py first seen with mtime 1732769485.1768177
File C:\Users\701107\AppData\Local\Programs\Python\Python310\Lib\_collections_abc.py first seen with mtime 1633349524.0
File C:\Users\701107\AppData\Local\Programs\Python\Python310\Lib\site-packages\sqlparse\__init__.py first seen with mtime 1732769465.2430625
File C:\Users\701107\AppData\Local\Programs\Python\Python310\Lib\site-packages\django\contrib\admin\models.py first seen with mtime 1732769482.9933288
File C:\Users\701107\AppData\Local\Programs\Python\Python310\Lib\site-packages\sqlparse\keywords.py first seen with mtime 1732769465.2450628
File C:\Users\701107\AppData\Local\Programs\Python\Python310\Lib\site-packages\django\http\multipartparser.py first seen with mtime 1732769485.1758175
File C:\Users\701107\AppData\Local\Programs\Python\Python310\Lib\email\contentmanager.py first seen with mtime 1633349524.0
File C:\Users\701107\AppData\Local\Programs\Python\Python310\Lib\html\entities.py first seen with mtime 1633349524.0
File C:\Users\701107\AppData\Local\Programs\Python\Python310\Lib\site-packages\django\template\__init__.py first seen with mtime 1732769485.1829622
File C:\Users\701107\AppData\Local\Programs\Python\Python310\Lib\site-packages\colorama\ansitowin32.py first seen with mtime 1732769468.429328
File C:\Users\701107\AppData\Local\Programs\Python\Python310\Lib\json\encoder.py first seen with mtime 1633349524.0
File C:\Users\701107\AppData\Local\Programs\Python\Python310\Lib\site-packages\django\http\__init__.py first seen with mtime 1732769485.174817
File C:\Users\701107\AppData\Local\Programs\Python\Python310\Lib\asyncio\base_subprocess.py first seen with mtime 1633349524.0
File C:\Users\701107\AppData\Local\Programs\Python\Python310\Lib\site-packages\django\contrib\auth\management\__init__.py first seen with mtime 1732769483.6891732
File C:\Users\701107\AppData\Local\Programs\Python\Python310\Lib\_sitebuiltins.py first seen with mtime 1633349524.0
File C:\Users\701107\AppData\Local\Programs\Python\Python310\Lib\quopri.py first seen with mtime 1633349524.0
File C:\Users\701107\AppData\Local\Programs\Python\Python310\Lib\asyncio\mixins.py first seen with mtime 1633349524.0
File C:\Users\701107\AppData\Local\Programs\Python\Python310\Lib\site-packages\django\core\files\move.py first seen with mtime 1732769485.0027769
File C:\Users\701107\AppData\Local\Programs\Python\Python310\Lib\collections\__init__.py first seen with mtime 1633349524.0
File C:\Users\701107\AppData\Local\Programs\Python\Python310\Lib\site-packages\sqlparse\engine\statement_splitter.py first seen with mtime 1732769465.2500632
File C:\Users\701107\AppData\Local\Programs\Python\Python310\Lib\site-packages\django\db\migrations\operations\special.py first seen with mtime 1732769485.0907812
File C:\Users\701107\AppData\Local\Programs\Python\Python310\Lib\site-packages\django\template\backends\django.py first seen with mtime 1732769485.1952393
File C:\Users\701107\AppData\Local\Programs\Python\Python310\Lib\site-packages\django\core\checks\security\csrf.py first seen with mtime 1732769484.9987764
File C:\Users\701107\AppData\Local\Programs\Python\Python310\Lib\asyncio\constants.py first seen with mtime 1633349524.0
File C:\Users\701107\AppData\Local\Programs\Python\Python310\Lib\site-packages\django\contrib\messages\storage\base.py first seen with mtime 1732769484.378612
File C:\Users\701107\AppData\Local\Programs\Python\Python310\Lib\site-packages\django\utils\regex_helper.py first seen with mtime 1732769485.2365823
File C:\Users\701107\AppData\Local\Programs\Python\Python310\Lib\site-packages\sqlparse\exceptions.py first seen with mtime 1732769465.2440627
File C:\Users\701107\AppData\Local\Programs\Python\Python310\Lib\site-packages\django\core\serializers\__init__.py first seen with mtime 1732769485.0381062
File C:\Users\701107\AppData\Local\Programs\Python\Python310\Lib\site-packages\django\contrib\contenttypes\forms.py first seen with mtime 1732769483.702178
File C:\Users\701107\AppData\Local\Programs\Python\Python310\Lib\site-packages\django\utils\dateformat.py first seen with mtime 1732769485.2245817
File C:\Users\701107\AppData\Local\Programs\Python\Python310\Lib\email\quoprimime.py first seen with mtime 1633349524.0
File C:\Users\701107\AppData\Local\Programs\Python\Python310\Lib\wsgiref\handlers.py first seen with mtime 1633349526.0
File C:\Users\701107\AppData\Local\Programs\Python\Python310\Lib\asyncio\__init__.py first seen with mtime 1633349524.0
File C:\Users\701107\AppData\Local\Programs\Python\Python310\Lib\asyncio\trsock.py first seen with mtime 1633349524.0
File C:\Users\701107\AppData\Local\Programs\Python\Python310\Lib\site-packages\django\template\exceptions.py first seen with mtime 1732769485.1882367
File C:\Users\701107\AppData\Local\Programs\Python\Python310\Lib\site-packages\django\core\files\storage\base.py first seen with mtime 1732769485.0057757
File C:\Users\701107\AppData\Local\Programs\Python\Python310\Lib\site-packages\asgiref\local.py first seen with mtime 1732769468.793195
File C:\Users\701107\AppData\Local\Programs\Python\Python310\Lib\site-packages\django\db\backends\sqlite3\operations.py first seen with mtime 1732769485.0787811
File C:\Users\701107\AppData\Local\Programs\Python\Python310\Lib\site-packages\django\conf\__init__.py first seen with mtime 1732769482.7627237
File C:\Users\701107\AppData\Local\Programs\Python\Python310\Lib\site-packages\django\forms\models.py first seen with mtime 1732769485.1237824
File C:\Users\701107\AppData\Local\Programs\Python\Python310\Lib\encodings\__init__.py first seen with mtime 1633349524.0
File C:\Users\701107\AppData\Local\Programs\Python\Python310\Lib\asyncio\windows_utils.py first seen with mtime 1633349524.0
File C:\Users\701107\AppData\Local\Programs\Python\Python310\Lib\site-packages\django\__init__.py first seen with mtime 1732769482.7597237
File C:\Users\701107\AppData\Local\Programs\Python\Python310\Lib\signal.py first seen with mtime 1633349524.0
File C:\Users\701107\AppData\Local\Programs\Python\Python310\Lib\site-packages\django\db\backends\base\client.py first seen with mtime 1732769485.0491118
File C:\Users\701107\AppData\Local\Programs\Python\Python310\Lib\site-packages\django\db\models\sql\where.py first seen with mtime 1732769485.118776
File C:\Users\701107\AppData\Local\Programs\Python\Python310\Lib\threading.py first seen with mtime 1633349524.0
File C:\Users\701107\AppData\Local\Programs\Python\Python310\Lib\concurrent\futures\__init__.py first seen with mtime 1633349524.0
File C:\Users\701107\AppData\Local\Programs\Python\Python310\Lib\site-packages\django\conf\locale\__init__.py first seen with mtime 1732769482.768356
File C:\Users\701107\AppData\Local\Programs\Python\Python310\Lib\site-packages\django\db\models\fields\proxy.py first seen with mtime 1732769485.1067784
File C:\Users\701107\AppData\Local\Programs\Python\Python310\Lib\site-packages\django\db\utils.py first seen with mtime 1732769485.0451174
File C:\Users\701107\AppData\Local\Programs\Python\Python310\Lib\site-packages\django\contrib\contenttypes\__init__.py first seen with mtime 1732769483.6991782
File C:\Users\701107\OneDrive - Amkor Technology\Desktop\Bus Management\test-bus-api\myapp\admin.py first seen with mtime 1738643312.9873536
File C:\Users\701107\AppData\Local\Programs\Python\Python310\Lib\asyncio\locks.py first seen with mtime 1633349524.0
File C:\Users\701107\AppData\Local\Programs\Python\Python310\Lib\fnmatch.py first seen with mtime 1633349524.0
File C:\Users\701107\AppData\Local\Programs\Python\Python310\Lib\_compat_pickle.py first seen with mtime 1633349524.0
File C:\Users\701107\AppData\Local\Programs\Python\Python310\Lib\tempfile.py first seen with mtime 1633349524.0
File C:\Users\701107\AppData\Local\Programs\Python\Python310\Lib\site-packages\django\views\generic\base.py first seen with mtime 1732769485.2545733
File C:\Users\701107\AppData\Local\Programs\Python\Python310\Lib\site-packages\django\forms\fields.py first seen with mtime 1732769485.1217766
File C:\Users\701107\AppData\Local\Programs\Python\Python310\DLLs\_lzma.pyd first seen with mtime 1633349562.0
File C:\Users\701107\AppData\Local\Programs\Python\Python310\Lib\site-packages\django\core\files\storage\memory.py first seen with mtime 1732769485.0077758
File C:\Users\701107\AppData\Local\Programs\Python\Python310\Lib\stat.py first seen with mtime 1633349524.0
File C:\Users\701107\AppData\Local\Programs\Python\Python310\Lib\hmac.py first seen with mtime 1633349524.0
File C:\Users\701107\AppData\Local\Programs\Python\Python310\Lib\json\decoder.py first seen with mtime 1633349524.0
File C:\Users\701107\AppData\Local\Programs\Python\Python310\Lib\site-packages\django\db\models\manager.py first seen with mtime 1732769485.098776
File C:\Users\701107\AppData\Local\Programs\Python\Python310\Lib\asyncio\selector_events.py first seen with mtime 1633349524.0
File C:\Users\701107\AppData\Local\Programs\Python\Python310\Lib\site-packages\django\contrib\admin\checks.py first seen with mtime 1732769482.9903305
File C:\Users\701107\AppData\Local\Programs\Python\Python310\Lib\asyncio\exceptions.py first seen with mtime 1633349524.0
File C:\Users\701107\AppData\Local\Programs\Python\Python310\Lib\site-packages\django\contrib\admin\views\autocomplete.py first seen with mtime 1732769483.3678167
File C:\Users\701107\AppData\Local\Programs\Python\Python310\Lib\site-packages\django\core\mail\message.py first seen with mtime 1732769485.0117745
File C:\Users\701107\AppData\Local\Programs\Python\Python310\Lib\site-packages\sqlparse\filters\output.py first seen with mtime 1732769465.252063
File C:\Users\701107\AppData\Local\Programs\Python\Python310\Lib\decimal.py first seen with mtime 1633349524.0
File C:\Users\701107\AppData\Local\Programs\Python\Python310\Lib\site-packages\django\db\backends\base\validation.py first seen with mtime 1732769485.0531173
File C:\Users\701107\AppData\Local\Programs\Python\Python310\Lib\site-packages\django\core\cache\__init__.py first seen with mtime 1732769484.984775
File C:\Users\701107\AppData\Local\Programs\Python\Python310\Lib\site-packages\django\db\backends\sqlite3\creation.py first seen with mtime 1732769485.0767803
File C:\Users\701107\AppData\Local\Programs\Python\Python310\Lib\keyword.py first seen with mtime 1633349524.0
File C:\Users\701107\AppData\Local\Programs\Python\Python310\Lib\site-packages\django\template\library.py first seen with mtime 1732769485.189239
File C:\Users\701107\AppData\Local\Programs\Python\Python310\Lib\asyncio\sslproto.py first seen with mtime 1633349524.0
File C:\Users\701107\AppData\Local\Programs\Python\Python310\Lib\site-packages\django\core\checks\async_checks.py first seen with mtime 1732769484.9907756
File C:\Users\701107\AppData\Local\Programs\Python\Python310\Lib\site-packages\django\utils\ipv6.py first seen with mtime 1732769485.2325826
File C:\Users\701107\AppData\Local\Programs\Python\Python310\Lib\site-packages\django\utils\encoding.py first seen with mtime 1732769485.228582
File C:\Users\701107\AppData\Local\Programs\Python\Python310\Lib\site-packages\django\views\__init__.py first seen with mtime 1732769485.244573
File C:\Users\701107\AppData\Local\Programs\Python\Python310\Lib\site-packages\django\contrib\sites\shortcuts.py first seen with mtime 1732769484.8333936
File C:\Users\701107\AppData\Local\Programs\Python\Python310\Lib\html\__init__.py first seen with mtime 1633349524.0
File C:\Users\701107\AppData\Local\Programs\Python\Python310\Lib\urllib\__init__.py first seen with mtime 1633349524.0
File C:\Users\701107\AppData\Local\Programs\Python\Python310\Lib\site-packages\django\utils\deconstruct.py first seen with mtime 1732769485.2265818
File C:\Users\701107\AppData\Local\Programs\Python\Python310\Lib\logging\__init__.py first seen with mtime 1633349524.0
File C:\Users\701107\AppData\Local\Programs\Python\Python310\Lib\sqlite3\__init__.py first seen with mtime 1633349524.0
File C:\Users\701107\AppData\Local\Programs\Python\Python310\Lib\site-packages\django\db\backends\sqlite3\schema.py first seen with mtime 1732769485.0797815
File C:\Users\701107\AppData\Local\Programs\Python\Python310\Lib\site-packages\django\db\migrations\exceptions.py first seen with mtime 1732769485.0817816
File C:\Users\701107\AppData\Local\Programs\Python\Python310\Lib\site-packages\sqlparse\lexer.py first seen with mtime 1732769465.2460635
File C:\Users\701107\AppData\Local\Programs\Python\Python310\Lib\inspect.py first seen with mtime 1633349524.0
File C:\Users\701107\AppData\Local\Programs\Python\Python310\Lib\site-packages\django\forms\formsets.py first seen with mtime 1732769485.1227767
File C:\Users\701107\AppData\Local\Programs\Python\Python310\Lib\site-packages\django\db\backends\sqlite3\features.py first seen with mtime 1732769485.0767803
File C:\Users\701107\AppData\Local\Programs\Python\Python310\Lib\site-packages\sqlparse\cli.py first seen with mtime 1732769465.2440627
File C:\Users\701107\AppData\Local\Programs\Python\Python310\Lib\email\mime\message.py first seen with mtime 1633349524.0
File C:\Users\701107\AppData\Local\Programs\Python\Python310\Lib\asyncio\windows_events.py first seen with mtime 1633349524.0
File C:\Users\701107\AppData\Local\Programs\Python\Python310\Lib\site-packages\django\contrib\auth\models.py first seen with mtime 1732769483.5457854
File C:\Users\701107\AppData\Local\Programs\Python\Python310\Lib\site-packages\django\core\checks\security\__init__.py first seen with mtime 1732769484.9977763
File C:\Users\701107\AppData\Local\Programs\Python\Python310\Lib\site-packages\sqlparse\filters\aligned_indent.py first seen with mtime 1732769465.2510636
File C:\Users\701107\AppData\Local\Programs\Python\Python310\Lib\ipaddress.py first seen with mtime 1633349524.0
File C:\Users\701107\AppData\Local\Programs\Python\Python310\Lib\site-packages\django\core\checks\registry.py first seen with mtime 1732769484.9947758
File C:\Users\701107\AppData\Local\Programs\Python\Python310\Lib\site-packages\django\views\i18n.py first seen with mtime 1732769485.2475734
File C:\Users\701107\AppData\Local\Programs\Python\Python310\Lib\site-packages\django\dispatch\__init__.py first seen with mtime 1732769485.118776
File C:\Users\701107\AppData\Local\Programs\Python\Python310\Lib\asyncio\subprocess.py first seen with mtime 1633349524.0
File C:\Users\701107\AppData\Local\Programs\Python\Python310\Lib\http\cookies.py first seen with mtime 1633349524.0
File C:\Users\701107\AppData\Local\Programs\Python\Python310\Lib\site-packages\django\db\models\sql\datastructures.py first seen with mtime 1732769485.116776
File C:\Users\701107\AppData\Local\Programs\Python\Python310\Lib\site-packages\django\contrib\admin\decorators.py first seen with mtime 1732769482.9903305
File C:\Users\701107\AppData\Local\Programs\Python\Python310\Lib\site-packages\django\core\mail\__init__.py first seen with mtime 1732769485.0117745
File C:\Users\701107\AppData\Local\Programs\Python\Python310\Lib\site-packages\django\db\models\fields\mixins.py first seen with mtime 1732769485.1067784
File C:\Users\701107\AppData\Local\Programs\Python\Python310\Lib\site-packages\django\urls\resolvers.py first seen with mtime 1732769485.2182372
File C:\Users\701107\AppData\Local\Programs\Python\Python310\Lib\sre_parse.py first seen with mtime 1633349524.0
File C:\Users\701107\AppData\Local\Programs\Python\Python310\Lib\site-packages\django\core\management\__init__.py first seen with mtime 1732769485.0175853
File C:\Users\701107\AppData\Local\Programs\Python\Python310\Lib\functools.py first seen with mtime 1633349524.0
File C:\Users\701107\AppData\Local\Programs\Python\Python310\Lib\pathlib.py first seen with mtime 1633349524.0
File C:\Users\701107\AppData\Local\Programs\Python\Python310\Lib\site-packages\django\contrib\contenttypes\fields.py first seen with mtime 1732769483.701178
File C:\Users\701107\AppData\Local\Programs\Python\Python310\Lib\site-packages\django\template\loaders\filesystem.py first seen with mtime 1732769485.2012427
File C:\Users\701107\AppData\Local\Programs\Python\Python310\Lib\site-packages\django\contrib\sessions\__init__.py first seen with mtime 1732769484.6558502
File C:\Users\701107\AppData\Local\Programs\Python\Python310\Lib\site-packages\django\views\debug.py first seen with mtime 1732769485.245573
File C:\Users\701107\AppData\Local\Programs\Python\Python310\Lib\site-packages\sqlparse\filters\others.py first seen with mtime 1732769465.252063
File C:\Users\701107\AppData\Local\Programs\Python\Python310\Lib\site-packages\asgiref\current_thread_executor.py first seen with mtime 1732769468.792691
File C:\Users\701107\AppData\Local\Programs\Python\Python310\Lib\sysconfig.py first seen with mtime 1633349524.0
File C:\Users\701107\AppData\Local\Programs\Python\Python310\Lib\site-packages\django\template\loaders\cached.py first seen with mtime 1732769485.2012427
File C:\Users\701107\AppData\Local\Programs\Python\Python310\Lib\json\__init__.py first seen with mtime 1633349524.0
File C:\Users\701107\AppData\Local\Programs\Python\Python310\Lib\site-packages\django\db\models\fields\reverse_related.py first seen with mtime 1732769485.1097782
File C:\Users\701107\AppData\Local\Programs\Python\Python310\Lib\posixpath.py first seen with mtime 1633349524.0
File C:\Users\701107\AppData\Local\Programs\Python\Python310\Lib\site-packages\django\core\cache\backends\__init__.py first seen with mtime 1732769484.985775
File C:\Users\701107\AppData\Local\Programs\Python\Python310\Lib\email\generator.py first seen with mtime 1633349524.0
File C:\Users\701107\AppData\Local\Programs\Python\Python310\Lib\site-packages\django\core\serializers\json.py first seen with mtime 1732769485.0391135
File C:\Users\701107\AppData\Local\Programs\Python\Python310\Lib\site-packages\django\contrib\admin\utils.py first seen with mtime 1732769482.9963331
File C:\Users\701107\AppData\Local\Programs\Python\Python310\Lib\site-packages\django\template\engine.py first seen with mtime 1732769485.1882367
File C:\Users\701107\AppData\Local\Programs\Python\Python310\Lib\site-packages\django\db\models\fields\__init__.py first seen with mtime 1732769485.104779
File C:\Users\701107\AppData\Local\Programs\Python\Python310\Lib\email\mime\__init__.py first seen with mtime 1633349524.0
File C:\Users\701107\AppData\Local\Programs\Python\Python310\Lib\base64.py first seen with mtime 1633349524.0
File C:\Users\701107\AppData\Local\Programs\Python\Python310\Lib\email\parser.py first seen with mtime 1633349524.0
File C:\Users\701107\AppData\Local\Programs\Python\Python310\Lib\importlib\__init__.py first seen with mtime 1633349524.0
File C:\Users\701107\AppData\Local\Programs\Python\Python310\Lib\site-packages\django\core\management\commands\runserver.py first seen with mtime 1732769485.0315976
File C:\Users\701107\AppData\Local\Programs\Python\Python310\Lib\asyncio\queues.py first seen with mtime 1633349524.0
File C:\Users\701107\OneDrive - Amkor Technology\Desktop\Bus Management\test-bus-api\myapp\__init__.py first seen with mtime 1735627147.3048413
File C:\Users\701107\AppData\Local\Programs\Python\Python310\Lib\statistics.py first seen with mtime 1633349524.0
File C:\Users\701107\AppData\Local\Programs\Python\Python310\Lib\zoneinfo\_tzpath.py first seen with mtime 1633349526.0
File C:\Users\701107\AppData\Local\Programs\Python\Python310\Lib\site-packages\django\template\defaultfilters.py first seen with mtime 1732769485.1862302
File C:\Users\701107\AppData\Local\Programs\Python\Python310\Lib\token.py first seen with mtime 1633349524.0
File C:\Users\701107\AppData\Local\Programs\Python\Python310\Lib\site-packages\django\db\models\functions\math.py first seen with mtime 1732769485.1127772
File C:\Users\701107\AppData\Local\Programs\Python\Python310\Lib\site-packages\django\utils\asyncio.py first seen with mtime 1732769485.2205496
File C:\Users\701107\AppData\Local\Programs\Python\Python310\Lib\site-packages\django\contrib\admin\actions.py first seen with mtime 1732769482.9883294
File C:\Users\701107\AppData\Local\Programs\Python\Python310\Lib\site-packages\django\contrib\admin\views\__init__.py first seen with mtime 1732769483.3678167
File C:\Users\701107\AppData\Local\Programs\Python\Python310\Lib\site-packages\sqlparse\engine\grouping.py first seen with mtime 1732769465.2490633
File C:\Users\701107\AppData\Local\Programs\Python\Python310\Lib\site-packages\django\db\models\fields\related_descriptors.py first seen with mtime 1732769485.1087787
File C:\Users\701107\AppData\Local\Programs\Python\Python310\Lib\site-packages\django\utils\module_loading.py first seen with mtime 1732769485.2345824
File C:\Users\701107\AppData\Local\Programs\Python\Python310\Lib\site-packages\django\utils\html.py first seen with mtime 1732769485.2305822
File C:\Users\701107\AppData\Local\Programs\Python\Python310\Lib\site-packages\django\core\handlers\exception.py first seen with mtime 1732769485.0107756
File C:\Users\701107\AppData\Local\Programs\Python\Python310\Lib\email\charset.py first seen with mtime 1633349524.0
File C:\Users\701107\AppData\Local\Programs\Python\Python310\Lib\lzma.py first seen with mtime 1633349524.0
File C:\Users\701107\AppData\Local\Programs\Python\Python310\Lib\site-packages\django\contrib\contenttypes\admin.py first seen with mtime 1732769483.700178
File C:\Users\701107\AppData\Local\Programs\Python\Python310\DLLs\_zoneinfo.pyd first seen with mtime 1633349560.0
File C:\Users\701107\AppData\Local\Programs\Python\Python310\Lib\email\_header_value_parser.py first seen with mtime 1633349524.0
File C:\Users\701107\AppData\Local\Programs\Python\Python310\Lib\email\mime\nonmultipart.py first seen with mtime 1633349524.0
File C:\Users\701107\AppData\Local\Programs\Python\Python310\Lib\site-packages\django\core\handlers\__init__.py first seen with mtime 1732769485.008775
File C:\Users\701107\AppData\Local\Programs\Python\Python310\Lib\ctypes\wintypes.py first seen with mtime 1633349524.0
File C:\Users\701107\AppData\Local\Programs\Python\Python310\Lib\site-packages\django\contrib\contenttypes\checks.py first seen with mtime 1732769483.701178
File C:\Users\701107\AppData\Local\Programs\Python\Python310\Lib\site-packages\django\views\decorators\cache.py first seen with mtime 1732769485.2485754
File C:\Users\701107\AppData\Local\Programs\Python\Python310\Lib\multiprocessing\process.py first seen with mtime 1633349524.0
File C:\Users\701107\AppData\Local\Programs\Python\Python310\Lib\gettext.py first seen with mtime 1633349524.0
File C:\Users\701107\AppData\Local\Programs\Python\Python310\DLLs\_ctypes.pyd first seen with mtime 1633349560.0
File C:\Users\701107\AppData\Local\Programs\Python\Python310\Lib\random.py first seen with mtime 1633349524.0
File C:\Users\701107\AppData\Local\Programs\Python\Python310\Lib\site-packages\django\forms\utils.py first seen with mtime 1732769485.1247823
File C:\Users\701107\AppData\Local\Programs\Python\Python310\Lib\site-packages\django\contrib\__init__.py first seen with mtime 1732769482.9873295
File C:\Users\701107\AppData\Local\Programs\Python\Python310\Lib\site-packages\django\core\cache\backends\filebased.py first seen with mtime 1732769484.9877756
File C:\Users\701107\OneDrive - Amkor Technology\Desktop\Bus Management\test-bus-api\myapp\models.py first seen with mtime 1738807570.8354795
File C:\Users\701107\AppData\Local\Programs\Python\Python310\Lib\site.py first seen with mtime 1633349524.0
File C:\Users\701107\AppData\Local\Programs\Python\Python310\Lib\site-packages\django\utils\deprecation.py first seen with mtime 1732769485.227582
File C:\Users\701107\AppData\Local\Programs\Python\Python310\Lib\sre_constants.py first seen with mtime 1633349524.0
File C:\Users\701107\AppData\Local\Programs\Python\Python310\Lib\subprocess.py first seen with mtime 1633349524.0
File C:\Users\701107\AppData\Local\Programs\Python\Python310\Lib\site-packages\django\db\models\enums.py first seen with mtime 1732769485.0957751
File C:\Users\701107\AppData\Local\Programs\Python\Python310\Lib\site-packages\colorama\win32.py first seen with mtime 1732769468.4313266
File C:\Users\701107\AppData\Local\Programs\Python\Python310\Lib\http\client.py first seen with mtime 1633349524.0
File C:\Users\701107\OneDrive - Amkor Technology\Desktop\Bus Management\test-bus-api\myproject\urls.py first seen with mtime 1735629849.4299798
File C:\Users\701107\AppData\Local\Programs\Python\Python310\Lib\site-packages\django\db\models\lookups.py first seen with mtime 1732769485.0977762
File C:\Users\701107\AppData\Local\Programs\Python\Python310\Lib\site-packages\django\templatetags\tz.py first seen with mtime 1732769485.2082374
File C:\Users\701107\AppData\Local\Programs\Python\Python310\Lib\site-packages\django\http\request.py first seen with mtime 1732769485.1768177
File C:\Users\701107\AppData\Local\Programs\Python\Python310\Lib\site-packages\django\contrib\staticfiles\__init__.py first seen with mtime 1732769484.9702883
File C:\Users\701107\AppData\Local\Programs\Python\Python310\Lib\site-packages\django\contrib\messages\constants.py first seen with mtime 1732769484.374742
File C:\Users\701107\AppData\Local\Programs\Python\Python310\Lib\site-packages\django\template\backends\__init__.py first seen with mtime 1732769485.1932385
File C:\Users\701107\AppData\Local\Programs\Python\Python310\Lib\email\iterators.py first seen with mtime 1633349524.0
File C:\Users\701107\AppData\Local\Programs\Python\Python310\Lib\pkgutil.py first seen with mtime 1633349524.0
File C:\Users\701107\AppData\Local\Programs\Python\Python310\DLLs\_sqlite3.pyd first seen with mtime 1633349560.0
File C:\Users\701107\AppData\Local\Programs\Python\Python310\Lib\concurrent\futures\thread.py first seen with mtime 1633349524.0
File C:\Users\701107\AppData\Local\Programs\Python\Python310\Lib\site-packages\django\db\models\fields\related_lookups.py first seen with mtime 1732769485.1097782
File C:\Users\701107\AppData\Local\Programs\Python\Python310\Lib\site-packages\django\db\backends\base\creation.py first seen with mtime 1732769485.0491118
File C:\Users\701107\AppData\Local\Programs\Python\Python310\Lib\site-packages\django\db\models\signals.py first seen with mtime 1732769485.1027775
File C:\Users\701107\AppData\Local\Programs\Python\Python310\Lib\selectors.py first seen with mtime 1633349524.0
File C:\Users\701107\AppData\Local\Programs\Python\Python310\Lib\site-packages\django\contrib\messages\__init__.py first seen with mtime 1732769484.3727422
File C:\Users\701107\AppData\Local\Programs\Python\Python310\Lib\_weakrefset.py first seen with mtime 1633349524.0
File C:\Users\701107\AppData\Local\Programs\Python\Python310\Lib\site-packages\django\db\models\base.py first seen with mtime 1732769485.0927813
File C:\Users\701107\AppData\Local\Programs\Python\Python310\Lib\site-packages\django\core\files\temp.py first seen with mtime 1732769485.0027769
File C:\Users\701107\AppData\Local\Programs\Python\Python310\Lib\site-packages\sqlparse\sql.py first seen with mtime 1732769465.2460635
File C:\Users\701107\AppData\Local\Programs\Python\Python310\Lib\site-packages\django\db\backends\base\__init__.py first seen with mtime 1732769485.0471125
File C:\Users\701107\AppData\Local\Programs\Python\Python310\Lib\_compression.py first seen with mtime 1633349524.0
File C:\Users\701107\AppData\Local\Programs\Python\Python310\Lib\site-packages\django\utils\decorators.py first seen with mtime 1732769485.2265818
File C:\Users\701107\AppData\Local\Programs\Python\Python310\Lib\site-packages\django\template\loaders\base.py first seen with mtime 1732769485.2002442
File C:\Users\701107\AppData\Local\Programs\Python\Python310\Lib\site-packages\sqlparse\filters\right_margin.py first seen with mtime 1732769465.2530622
File C:\Users\701107\OneDrive - Amkor Technology\Desktop\Bus Management\test-bus-api\myproject\settings.py first seen with mtime 1738720252.2744932
